<?xml version="1.0" encoding="UTF-8"?>
<!-- Generated by org.testng.reporters.JUnitXMLReporter -->
<testsuite hostname="AUL-DEV-03" ignored="0" name="Testing ADL Website" tests="6" failures="1" timestamp="2022-01-04T08:08:48 PST" time="59.45" errors="0">
  <testcase name="welcomePage" time="7.801" classname="testsuites.login_test"/>
  <testcase name="loggedIn" time="3.756" classname="testsuites.login_test"/>
  <testcase name="logout1" time="0.448" classname="testsuites.login_test"/>
  <testcase name="dashboard" time="0.344" classname="testsuites.dashboard_test"/>
  <testcase name="createContract1" time="11.092" classname="testsuites.contract_test">
    <failure type="java.lang.AssertionError" message="Total Price Mismatch expected [true] but found [false]">
      <![CDATA[java.lang.AssertionError: Total Price Mismatch expected [true] but found [false]
at po.contractpo.createContract(contractpo.java:57)
at testsuites.contract_test.createContract1(contract_test.java:37)
at java.util.ArrayList.forEach(ArrayList.java:1259)
... Removed 32 stack frames]]>
    </failure>
  </testcase> <!-- createContract1 -->
  <testcase name="createQuote1" time="13.269" classname="testsuites.quote_test"/>
</testsuite> <!-- Testing ADL Website -->
